<?xml version="1.0" encoding="UTF-8"?>
<testsuite name="com.jinseong.soft.springboot.PostsApiControllerTest" tests="2" skipped="0" failures="0" errors="0" timestamp="2019-12-25T08:46:15" hostname="JinSeongsui-MacBookPro.local" time="0.078">
  <properties/>
  <testcase name="Posts_등록된다" classname="com.jinseong.soft.springboot.PostsApiControllerTest" time="0.051"/>
  <testcase name="Posts_수정된다" classname="com.jinseong.soft.springboot.PostsApiControllerTest" time="0.026"/>
  <system-out><![CDATA[2019-12-25 17:46:15.879  INFO 62430 --- [    Test worker] .b.t.c.SpringBootTestContextBootstrapper : Neither @ContextConfiguration nor @ContextHierarchy found for test class [com.jinseong.soft.springboot.PostsApiControllerTest], using SpringBootContextLoader
2019-12-25 17:46:15.880  INFO 62430 --- [    Test worker] o.s.t.c.support.AbstractContextLoader    : Could not detect default resource locations for test class [com.jinseong.soft.springboot.PostsApiControllerTest]: no resource found for suffixes {-context.xml, Context.groovy}.
2019-12-25 17:46:15.880  INFO 62430 --- [    Test worker] t.c.s.AnnotationConfigContextLoaderUtils : Could not detect default configuration classes for test class [com.jinseong.soft.springboot.PostsApiControllerTest]: PostsApiControllerTest does not declare any static, non-private, non-final, nested classes annotated with @Configuration.
2019-12-25 17:46:15.881  INFO 62430 --- [    Test worker] .b.t.c.SpringBootTestContextBootstrapper : Found @SpringBootConfiguration com.jinseong.soft.springboot.Application for test class com.jinseong.soft.springboot.PostsApiControllerTest
2019-12-25 17:46:15.881  INFO 62430 --- [    Test worker] .b.t.c.SpringBootTestContextBootstrapper : Loaded default TestExecutionListener class names from location [META-INF/spring.factories]: [org.springframework.security.test.context.support.WithSecurityContextTestExecutionListener, org.springframework.security.test.context.support.ReactorContextTestExecutionListener, org.springframework.boot.test.autoconfigure.restdocs.RestDocsTestExecutionListener, org.springframework.boot.test.autoconfigure.web.client.MockRestServiceServerResetTestExecutionListener, org.springframework.boot.test.autoconfigure.web.servlet.MockMvcPrintOnlyOnFailureTestExecutionListener, org.springframework.boot.test.autoconfigure.web.servlet.WebDriverTestExecutionListener, org.springframework.boot.test.mock.mockito.MockitoTestExecutionListener, org.springframework.boot.test.mock.mockito.ResetMocksTestExecutionListener, org.springframework.test.context.web.ServletTestExecutionListener, org.springframework.test.context.support.DirtiesContextBeforeModesTestExecutionListener, org.springframework.test.context.support.DependencyInjectionTestExecutionListener, org.springframework.test.context.support.DirtiesContextTestExecutionListener, org.springframework.test.context.transaction.TransactionalTestExecutionListener, org.springframework.test.context.jdbc.SqlScriptsTestExecutionListener]
2019-12-25 17:46:15.882  INFO 62430 --- [    Test worker] .b.t.c.SpringBootTestContextBootstrapper : Using TestExecutionListeners: [org.springframework.test.context.web.ServletTestExecutionListener@47514faa, org.springframework.test.context.support.DirtiesContextBeforeModesTestExecutionListener@7fab00ff, org.springframework.boot.test.mock.mockito.MockitoTestExecutionListener@726ea89b, org.springframework.boot.test.autoconfigure.SpringBootDependencyInjectionTestExecutionListener@15726fe1, org.springframework.test.context.support.DirtiesContextTestExecutionListener@58935efa, org.springframework.test.context.transaction.TransactionalTestExecutionListener@7f1811ef, org.springframework.test.context.jdbc.SqlScriptsTestExecutionListener@78b554e7, org.springframework.security.test.context.support.WithSecurityContextTestExecutionListener@7e3e3177, org.springframework.security.test.context.support.ReactorContextTestExecutionListener@3c18c4c4, org.springframework.boot.test.autoconfigure.restdocs.RestDocsTestExecutionListener@3b02dc1, org.springframework.boot.test.autoconfigure.web.client.MockRestServiceServerResetTestExecutionListener@5170433c, org.springframework.boot.test.autoconfigure.web.servlet.MockMvcPrintOnlyOnFailureTestExecutionListener@5eca75ec, org.springframework.boot.test.autoconfigure.web.servlet.WebDriverTestExecutionListener@248ea415, org.springframework.boot.test.mock.mockito.ResetMocksTestExecutionListener@26525b60]
2019-12-25 17:46:15.887  INFO 62430 --- [    Test worker] o.a.c.c.C.[Tomcat].[localhost].[/]       : Initializing Spring TestDispatcherServlet ''
2019-12-25 17:46:15.888  INFO 62430 --- [    Test worker] o.s.t.web.servlet.TestDispatcherServlet  : Initializing Servlet ''
2019-12-25 17:46:15.890  INFO 62430 --- [    Test worker] o.s.t.web.servlet.TestDispatcherServlet  : Completed initialization in 2 ms
Hibernate: insert into posts (created_date, modified_date, author, content, title) values (?, ?, ?, ?, ?)
Hibernate: select posts0_.id as id1_0_, posts0_.created_date as created_2_0_, posts0_.modified_date as modified3_0_, posts0_.author as author4_0_, posts0_.content as content5_0_, posts0_.title as title6_0_ from posts posts0_
Hibernate: select posts0_.id as id1_0_, posts0_.created_date as created_2_0_, posts0_.modified_date as modified3_0_, posts0_.author as author4_0_, posts0_.content as content5_0_, posts0_.title as title6_0_ from posts posts0_
Hibernate: delete from posts where id=?
2019-12-25 17:46:15.938  INFO 62430 --- [    Test worker] o.a.c.c.C.[Tomcat].[localhost].[/]       : Initializing Spring TestDispatcherServlet ''
2019-12-25 17:46:15.938  INFO 62430 --- [    Test worker] o.s.t.web.servlet.TestDispatcherServlet  : Initializing Servlet ''
2019-12-25 17:46:15.941  INFO 62430 --- [    Test worker] o.s.t.web.servlet.TestDispatcherServlet  : Completed initialization in 3 ms
Hibernate: insert into posts (created_date, modified_date, author, content, title) values (?, ?, ?, ?, ?)
Hibernate: select posts0_.id as id1_0_0_, posts0_.created_date as created_2_0_0_, posts0_.modified_date as modified3_0_0_, posts0_.author as author4_0_0_, posts0_.content as content5_0_0_, posts0_.title as title6_0_0_ from posts posts0_ where posts0_.id=?
Hibernate: update posts set created_date=?, modified_date=?, author=?, content=?, title=? where id=?
Hibernate: select posts0_.id as id1_0_, posts0_.created_date as created_2_0_, posts0_.modified_date as modified3_0_, posts0_.author as author4_0_, posts0_.content as content5_0_, posts0_.title as title6_0_ from posts posts0_
Hibernate: select posts0_.id as id1_0_, posts0_.created_date as created_2_0_, posts0_.modified_date as modified3_0_, posts0_.author as author4_0_, posts0_.content as content5_0_, posts0_.title as title6_0_ from posts posts0_
Hibernate: delete from posts where id=?
]]></system-out>
  <system-err><![CDATA[]]></system-err>
</testsuite>
